============================= test session starts =============================
platform win32 -- Python 3.14.3, pytest-9.0.2, pluggy-1.6.0
rootdir: C:\Users\Iago R. Prado Man\.gemini\antigravity\Datacron\backend
plugins: anyio-4.12.1, asyncio-1.3.0
asyncio: mode=Mode.STRICT, debug=False, asyncio_default_fixture_loop_scope=None, asyncio_default_test_loop_scope=function
collected 22 items

tests\test_alertas.py ...                                                [ 13%]
tests\test_auth.py ..                                                    [ 22%]
tests\test_concessionarias.py ....                                       [ 40%]
tests\test_condominios.py .....                                          [ 63%]
tests\test_emails.py F.F                                                 [ 77%]
tests\test_faturas.py .                                                  [ 81%]
tests\test_importacoes.py FFF.                                           [100%]

================================== FAILURES ===================================
___________________________ test_trigger_email_scan ___________________________

auth_client = <httpx.AsyncClient object at 0x00000227946898B0>

    @pytest.mark.asyncio
    async def test_trigger_email_scan(auth_client: AsyncClient):
        """Test the manual trigger endpoint for email scanning."""
        resp = await auth_client.post("/api/emails/scan")
        # It might return a background task confirmation
>       assert resp.status_code == 200
E       assert 404 == 200
E        +  where 404 = <Response [404 Not Found]>.status_code

tests\test_emails.py:10: AssertionError
---------------------------- Captured stderr call -----------------------------
2026-03-16 00:47:47,971 | INFO | httpx | HTTP Request: POST http://test/api/emails/scan "HTTP/1.1 404 Not Found"
________________________ test_reprocess_invalid_email _________________________

auth_client = <httpx.AsyncClient object at 0x0000022799356990>

    @pytest.mark.asyncio
    async def test_reprocess_invalid_email(auth_client: AsyncClient):
        """Try to reprocess a non-existing email log."""
        invalid_id = str(uuid.uuid4())
        resp = await auth_client.post(f"/api/emails/{invalid_id}/reprocessar")
        assert resp.status_code == 404
>       assert "Log não encontrado" in resp.json()["detail"]
E       AssertionError: assert 'Log não encontrado' in 'Not Found'

tests\test_emails.py:28: AssertionError
---------------------------- Captured stderr call -----------------------------
2026-03-16 00:47:48,334 | INFO | httpx | HTTP Request: POST http://test/api/emails/989887b2-b9ac-4a94-aa3f-295dd771ba3d/reprocessar "HTTP/1.1 404 Not Found"
______________________ test_import_condominios_template _______________________

auth_client = <httpx.AsyncClient object at 0x00000227993574D0>

    @pytest.mark.asyncio
    async def test_import_condominios_template(auth_client: AsyncClient):
        resp = await auth_client.get("/api/importacoes/modelo?tipo=condominios")
>       assert resp.status_code == 200
E       assert 404 == 200
E        +  where 404 = <Response [404 Not Found]>.status_code

tests\test_importacoes.py:7: AssertionError
---------------------------- Captured stderr call -----------------------------
2026-03-16 00:47:48,906 | INFO | httpx | HTTP Request: GET http://test/api/importacoes/modelo?tipo=condominios "HTTP/1.1 404 Not Found"
____________________ test_import_concessionarias_template _____________________

auth_client = <httpx.AsyncClient object at 0x0000022799357350>

    @pytest.mark.asyncio
    async def test_import_concessionarias_template(auth_client: AsyncClient):
        resp = await auth_client.get("/api/importacoes/modelo?tipo=concessionarias")
>       assert resp.status_code == 200
E       assert 404 == 200
E        +  where 404 = <Response [404 Not Found]>.status_code

tests\test_importacoes.py:14: AssertionError
---------------------------- Captured stderr call -----------------------------
2026-03-16 00:47:48,953 | INFO | httpx | HTTP Request: GET http://test/api/importacoes/modelo?tipo=concessionarias "HTTP/1.1 404 Not Found"
_____________________ test_import_invalid_template_param ______________________

auth_client = <httpx.AsyncClient object at 0x00000227A9A5B1D0>

    @pytest.mark.asyncio
    async def test_import_invalid_template_param(auth_client: AsyncClient):
        resp = await auth_client.get("/api/importacoes/modelo?tipo=invalido")
>       assert resp.status_code == 400
E       assert 404 == 400
E        +  where 404 = <Response [404 Not Found]>.status_code

tests\test_importacoes.py:21: AssertionError
---------------------------- Captured stderr call -----------------------------
2026-03-16 00:47:48,995 | INFO | httpx | HTTP Request: GET http://test/api/importacoes/modelo?tipo=invalido "HTTP/1.1 404 Not Found"
=========================== short test summary info ===========================
FAILED tests/test_emails.py::test_trigger_email_scan - assert 404 == 200
FAILED tests/test_emails.py::test_reprocess_invalid_email - AssertionError: a...
FAILED tests/test_importacoes.py::test_import_condominios_template - assert 4...
FAILED tests/test_importacoes.py::test_import_concessionarias_template - asse...
FAILED tests/test_importacoes.py::test_import_invalid_template_param - assert...
======================== 5 failed, 17 passed in 2.54s =========================